[2023-09-06T10:28:17.347+0000] {processor.py:157} INFO - Started process (PID=9645) to work on /opt/airflow/dags/data_ingestion_local.py
[2023-09-06T10:28:17.348+0000] {processor.py:829} INFO - Processing file /opt/airflow/dags/data_ingestion_local.py for tasks to queue
[2023-09-06T10:28:17.349+0000] {logging_mixin.py:151} INFO - [2023-09-06T10:28:17.349+0000] {dagbag.py:539} INFO - Filling up the DagBag from /opt/airflow/dags/data_ingestion_local.py
[2023-09-06T10:28:17.577+0000] {processor.py:839} INFO - DAG(s) dict_keys(['LocalIngestionDag']) retrieved from /opt/airflow/dags/data_ingestion_local.py
[2023-09-06T10:28:17.644+0000] {logging_mixin.py:151} INFO - [2023-09-06T10:28:17.644+0000] {manager.py:501} INFO - Created Permission View: can read on DAG:LocalIngestionDag
[2023-09-06T10:28:17.650+0000] {logging_mixin.py:151} INFO - [2023-09-06T10:28:17.650+0000] {manager.py:501} INFO - Created Permission View: can delete on DAG:LocalIngestionDag
[2023-09-06T10:28:17.654+0000] {logging_mixin.py:151} INFO - [2023-09-06T10:28:17.654+0000] {manager.py:501} INFO - Created Permission View: can edit on DAG:LocalIngestionDag
[2023-09-06T10:28:17.662+0000] {logging_mixin.py:151} INFO - [2023-09-06T10:28:17.662+0000] {dag.py:2907} INFO - Sync 1 DAGs
[2023-09-06T10:28:17.669+0000] {logging_mixin.py:151} INFO - [2023-09-06T10:28:17.669+0000] {dag.py:2929} INFO - Creating ORM DAG for LocalIngestionDag
[2023-09-06T10:28:17.676+0000] {logging_mixin.py:151} INFO - [2023-09-06T10:28:17.676+0000] {dag.py:3677} INFO - Setting next_dagrun for LocalIngestionDag to 2021-01-02T06:00:00+00:00, run_after=2021-02-02T06:00:00+00:00
[2023-09-06T10:28:17.686+0000] {processor.py:179} INFO - Processing /opt/airflow/dags/data_ingestion_local.py took 0.343 seconds
[2023-09-06T10:28:48.696+0000] {processor.py:157} INFO - Started process (PID=9702) to work on /opt/airflow/dags/data_ingestion_local.py
[2023-09-06T10:28:48.698+0000] {processor.py:829} INFO - Processing file /opt/airflow/dags/data_ingestion_local.py for tasks to queue
[2023-09-06T10:28:48.703+0000] {logging_mixin.py:151} INFO - [2023-09-06T10:28:48.702+0000] {dagbag.py:539} INFO - Filling up the DagBag from /opt/airflow/dags/data_ingestion_local.py
[2023-09-06T10:28:48.720+0000] {processor.py:839} INFO - DAG(s) dict_keys(['LocalIngestionDag']) retrieved from /opt/airflow/dags/data_ingestion_local.py
[2023-09-06T10:28:48.748+0000] {logging_mixin.py:151} INFO - [2023-09-06T10:28:48.748+0000] {dag.py:2907} INFO - Sync 1 DAGs
[2023-09-06T10:28:48.769+0000] {logging_mixin.py:151} INFO - [2023-09-06T10:28:48.769+0000] {dag.py:3677} INFO - Setting next_dagrun for LocalIngestionDag to 2021-01-02T06:00:00+00:00, run_after=2021-02-02T06:00:00+00:00
[2023-09-06T10:28:48.788+0000] {processor.py:179} INFO - Processing /opt/airflow/dags/data_ingestion_local.py took 0.100 seconds
[2023-09-06T10:29:19.288+0000] {processor.py:157} INFO - Started process (PID=9757) to work on /opt/airflow/dags/data_ingestion_local.py
[2023-09-06T10:29:19.290+0000] {processor.py:829} INFO - Processing file /opt/airflow/dags/data_ingestion_local.py for tasks to queue
[2023-09-06T10:29:19.293+0000] {logging_mixin.py:151} INFO - [2023-09-06T10:29:19.293+0000] {dagbag.py:539} INFO - Filling up the DagBag from /opt/airflow/dags/data_ingestion_local.py
[2023-09-06T10:29:19.306+0000] {processor.py:839} INFO - DAG(s) dict_keys(['LocalIngestionDag']) retrieved from /opt/airflow/dags/data_ingestion_local.py
[2023-09-06T10:29:19.326+0000] {logging_mixin.py:151} INFO - [2023-09-06T10:29:19.326+0000] {dag.py:2907} INFO - Sync 1 DAGs
[2023-09-06T10:29:19.342+0000] {logging_mixin.py:151} INFO - [2023-09-06T10:29:19.342+0000] {dag.py:3677} INFO - Setting next_dagrun for LocalIngestionDag to 2021-01-02T06:00:00+00:00, run_after=2021-02-02T06:00:00+00:00
[2023-09-06T10:29:19.353+0000] {processor.py:179} INFO - Processing /opt/airflow/dags/data_ingestion_local.py took 0.071 seconds
[2023-09-06T10:30:15.177+0000] {processor.py:157} INFO - Started process (PID=32) to work on /opt/airflow/dags/data_ingestion_local.py
[2023-09-06T10:30:15.178+0000] {processor.py:829} INFO - Processing file /opt/airflow/dags/data_ingestion_local.py for tasks to queue
[2023-09-06T10:30:15.181+0000] {logging_mixin.py:151} INFO - [2023-09-06T10:30:15.180+0000] {dagbag.py:539} INFO - Filling up the DagBag from /opt/airflow/dags/data_ingestion_local.py
[2023-09-06T10:30:16.129+0000] {processor.py:839} INFO - DAG(s) dict_keys(['LocalIngestionDag']) retrieved from /opt/airflow/dags/data_ingestion_local.py
[2023-09-06T10:30:16.292+0000] {logging_mixin.py:151} INFO - [2023-09-06T10:30:16.292+0000] {dag.py:2907} INFO - Sync 1 DAGs
[2023-09-06T10:30:16.308+0000] {logging_mixin.py:151} INFO - [2023-09-06T10:30:16.308+0000] {dag.py:3677} INFO - Setting next_dagrun for LocalIngestionDag to 2021-01-02T06:00:00+00:00, run_after=2021-02-02T06:00:00+00:00
[2023-09-06T10:30:16.320+0000] {processor.py:179} INFO - Processing /opt/airflow/dags/data_ingestion_local.py took 1.147 seconds
[2023-09-06T10:30:47.278+0000] {processor.py:157} INFO - Started process (PID=89) to work on /opt/airflow/dags/data_ingestion_local.py
[2023-09-06T10:30:47.281+0000] {processor.py:829} INFO - Processing file /opt/airflow/dags/data_ingestion_local.py for tasks to queue
[2023-09-06T10:30:47.286+0000] {logging_mixin.py:151} INFO - [2023-09-06T10:30:47.285+0000] {dagbag.py:539} INFO - Filling up the DagBag from /opt/airflow/dags/data_ingestion_local.py
[2023-09-06T10:30:47.301+0000] {processor.py:839} INFO - DAG(s) dict_keys(['LocalIngestionDag']) retrieved from /opt/airflow/dags/data_ingestion_local.py
[2023-09-06T10:30:47.326+0000] {logging_mixin.py:151} INFO - [2023-09-06T10:30:47.325+0000] {dag.py:2907} INFO - Sync 1 DAGs
[2023-09-06T10:30:47.343+0000] {logging_mixin.py:151} INFO - [2023-09-06T10:30:47.343+0000] {dag.py:3677} INFO - Setting next_dagrun for LocalIngestionDag to 2021-01-02T06:00:00+00:00, run_after=2021-02-02T06:00:00+00:00
[2023-09-06T10:30:47.356+0000] {processor.py:179} INFO - Processing /opt/airflow/dags/data_ingestion_local.py took 0.085 seconds
[2023-09-06T10:31:17.892+0000] {processor.py:157} INFO - Started process (PID=144) to work on /opt/airflow/dags/data_ingestion_local.py
[2023-09-06T10:31:17.894+0000] {processor.py:829} INFO - Processing file /opt/airflow/dags/data_ingestion_local.py for tasks to queue
[2023-09-06T10:31:17.897+0000] {logging_mixin.py:151} INFO - [2023-09-06T10:31:17.897+0000] {dagbag.py:539} INFO - Filling up the DagBag from /opt/airflow/dags/data_ingestion_local.py
[2023-09-06T10:31:17.910+0000] {processor.py:839} INFO - DAG(s) dict_keys(['LocalIngestionDag']) retrieved from /opt/airflow/dags/data_ingestion_local.py
[2023-09-06T10:31:17.929+0000] {logging_mixin.py:151} INFO - [2023-09-06T10:31:17.929+0000] {dag.py:2907} INFO - Sync 1 DAGs
[2023-09-06T10:31:17.945+0000] {logging_mixin.py:151} INFO - [2023-09-06T10:31:17.945+0000] {dag.py:3677} INFO - Setting next_dagrun for LocalIngestionDag to 2021-01-02T06:00:00+00:00, run_after=2021-02-02T06:00:00+00:00
[2023-09-06T10:31:17.956+0000] {processor.py:179} INFO - Processing /opt/airflow/dags/data_ingestion_local.py took 0.071 seconds
[2023-09-06T10:31:48.294+0000] {processor.py:157} INFO - Started process (PID=199) to work on /opt/airflow/dags/data_ingestion_local.py
[2023-09-06T10:31:48.296+0000] {processor.py:829} INFO - Processing file /opt/airflow/dags/data_ingestion_local.py for tasks to queue
[2023-09-06T10:31:48.300+0000] {logging_mixin.py:151} INFO - [2023-09-06T10:31:48.299+0000] {dagbag.py:539} INFO - Filling up the DagBag from /opt/airflow/dags/data_ingestion_local.py
[2023-09-06T10:31:48.313+0000] {processor.py:839} INFO - DAG(s) dict_keys(['LocalIngestionDag']) retrieved from /opt/airflow/dags/data_ingestion_local.py
[2023-09-06T10:31:48.335+0000] {logging_mixin.py:151} INFO - [2023-09-06T10:31:48.334+0000] {dag.py:2907} INFO - Sync 1 DAGs
[2023-09-06T10:31:48.350+0000] {logging_mixin.py:151} INFO - [2023-09-06T10:31:48.350+0000] {dag.py:3677} INFO - Setting next_dagrun for LocalIngestionDag to 2021-01-02T06:00:00+00:00, run_after=2021-02-02T06:00:00+00:00
[2023-09-06T10:31:48.363+0000] {processor.py:179} INFO - Processing /opt/airflow/dags/data_ingestion_local.py took 0.073 seconds
[2023-09-06T10:32:18.917+0000] {processor.py:157} INFO - Started process (PID=253) to work on /opt/airflow/dags/data_ingestion_local.py
[2023-09-06T10:32:18.919+0000] {processor.py:829} INFO - Processing file /opt/airflow/dags/data_ingestion_local.py for tasks to queue
[2023-09-06T10:32:18.923+0000] {logging_mixin.py:151} INFO - [2023-09-06T10:32:18.923+0000] {dagbag.py:539} INFO - Filling up the DagBag from /opt/airflow/dags/data_ingestion_local.py
[2023-09-06T10:32:18.939+0000] {processor.py:839} INFO - DAG(s) dict_keys(['LocalIngestionDag']) retrieved from /opt/airflow/dags/data_ingestion_local.py
[2023-09-06T10:32:18.961+0000] {logging_mixin.py:151} INFO - [2023-09-06T10:32:18.961+0000] {dag.py:2907} INFO - Sync 1 DAGs
[2023-09-06T10:32:18.977+0000] {logging_mixin.py:151} INFO - [2023-09-06T10:32:18.977+0000] {dag.py:3677} INFO - Setting next_dagrun for LocalIngestionDag to 2021-01-02T06:00:00+00:00, run_after=2021-02-02T06:00:00+00:00
[2023-09-06T10:32:18.990+0000] {processor.py:179} INFO - Processing /opt/airflow/dags/data_ingestion_local.py took 0.080 seconds
[2023-09-06T10:32:49.357+0000] {processor.py:157} INFO - Started process (PID=309) to work on /opt/airflow/dags/data_ingestion_local.py
[2023-09-06T10:32:49.358+0000] {processor.py:829} INFO - Processing file /opt/airflow/dags/data_ingestion_local.py for tasks to queue
[2023-09-06T10:32:49.360+0000] {logging_mixin.py:151} INFO - [2023-09-06T10:32:49.360+0000] {dagbag.py:539} INFO - Filling up the DagBag from /opt/airflow/dags/data_ingestion_local.py
[2023-09-06T10:32:49.371+0000] {processor.py:839} INFO - DAG(s) dict_keys(['LocalIngestionDag']) retrieved from /opt/airflow/dags/data_ingestion_local.py
[2023-09-06T10:32:49.393+0000] {logging_mixin.py:151} INFO - [2023-09-06T10:32:49.393+0000] {dag.py:2907} INFO - Sync 1 DAGs
[2023-09-06T10:32:49.410+0000] {logging_mixin.py:151} INFO - [2023-09-06T10:32:49.410+0000] {dag.py:3677} INFO - Setting next_dagrun for LocalIngestionDag to 2021-01-02T06:00:00+00:00, run_after=2021-02-02T06:00:00+00:00
[2023-09-06T10:32:49.422+0000] {processor.py:179} INFO - Processing /opt/airflow/dags/data_ingestion_local.py took 0.069 seconds
[2023-09-06T10:35:08.537+0000] {processor.py:157} INFO - Started process (PID=31) to work on /opt/airflow/dags/data_ingestion_local.py
[2023-09-06T10:35:08.538+0000] {processor.py:829} INFO - Processing file /opt/airflow/dags/data_ingestion_local.py for tasks to queue
[2023-09-06T10:35:08.540+0000] {logging_mixin.py:151} INFO - [2023-09-06T10:35:08.540+0000] {dagbag.py:539} INFO - Filling up the DagBag from /opt/airflow/dags/data_ingestion_local.py
[2023-09-06T10:35:09.478+0000] {processor.py:839} INFO - DAG(s) dict_keys(['LocalIngestionDag']) retrieved from /opt/airflow/dags/data_ingestion_local.py
[2023-09-06T10:35:09.620+0000] {logging_mixin.py:151} INFO - [2023-09-06T10:35:09.620+0000] {dag.py:2907} INFO - Sync 1 DAGs
[2023-09-06T10:35:09.645+0000] {logging_mixin.py:151} INFO - [2023-09-06T10:35:09.645+0000] {dag.py:3677} INFO - Setting next_dagrun for LocalIngestionDag to 2021-01-02T06:00:00+00:00, run_after=2021-02-02T06:00:00+00:00
[2023-09-06T10:35:09.659+0000] {processor.py:179} INFO - Processing /opt/airflow/dags/data_ingestion_local.py took 1.127 seconds
[2023-09-06T10:35:40.461+0000] {processor.py:157} INFO - Started process (PID=42) to work on /opt/airflow/dags/data_ingestion_local.py
[2023-09-06T10:35:40.463+0000] {processor.py:829} INFO - Processing file /opt/airflow/dags/data_ingestion_local.py for tasks to queue
[2023-09-06T10:35:40.470+0000] {logging_mixin.py:151} INFO - [2023-09-06T10:35:40.469+0000] {dagbag.py:539} INFO - Filling up the DagBag from /opt/airflow/dags/data_ingestion_local.py
[2023-09-06T10:35:40.503+0000] {processor.py:839} INFO - DAG(s) dict_keys(['LocalIngestionDag']) retrieved from /opt/airflow/dags/data_ingestion_local.py
[2023-09-06T10:35:40.529+0000] {logging_mixin.py:151} INFO - [2023-09-06T10:35:40.528+0000] {dag.py:2907} INFO - Sync 1 DAGs
[2023-09-06T10:35:40.547+0000] {logging_mixin.py:151} INFO - [2023-09-06T10:35:40.547+0000] {dag.py:3677} INFO - Setting next_dagrun for LocalIngestionDag to 2021-01-02T06:00:00+00:00, run_after=2021-02-02T06:00:00+00:00
[2023-09-06T10:35:40.560+0000] {processor.py:179} INFO - Processing /opt/airflow/dags/data_ingestion_local.py took 0.106 seconds
[2023-09-06T10:36:10.934+0000] {processor.py:157} INFO - Started process (PID=52) to work on /opt/airflow/dags/data_ingestion_local.py
[2023-09-06T10:36:10.935+0000] {processor.py:829} INFO - Processing file /opt/airflow/dags/data_ingestion_local.py for tasks to queue
[2023-09-06T10:36:10.937+0000] {logging_mixin.py:151} INFO - [2023-09-06T10:36:10.937+0000] {dagbag.py:539} INFO - Filling up the DagBag from /opt/airflow/dags/data_ingestion_local.py
[2023-09-06T10:36:10.949+0000] {processor.py:839} INFO - DAG(s) dict_keys(['LocalIngestionDag']) retrieved from /opt/airflow/dags/data_ingestion_local.py
[2023-09-06T10:36:10.971+0000] {logging_mixin.py:151} INFO - [2023-09-06T10:36:10.971+0000] {dag.py:2907} INFO - Sync 1 DAGs
[2023-09-06T10:36:10.988+0000] {logging_mixin.py:151} INFO - [2023-09-06T10:36:10.988+0000] {dag.py:3677} INFO - Setting next_dagrun for LocalIngestionDag to 2021-01-02T06:00:00+00:00, run_after=2021-02-02T06:00:00+00:00
[2023-09-06T10:36:11.001+0000] {processor.py:179} INFO - Processing /opt/airflow/dags/data_ingestion_local.py took 0.070 seconds
[2023-09-06T10:36:41.311+0000] {processor.py:157} INFO - Started process (PID=61) to work on /opt/airflow/dags/data_ingestion_local.py
[2023-09-06T10:36:41.313+0000] {processor.py:829} INFO - Processing file /opt/airflow/dags/data_ingestion_local.py for tasks to queue
[2023-09-06T10:36:41.315+0000] {logging_mixin.py:151} INFO - [2023-09-06T10:36:41.315+0000] {dagbag.py:539} INFO - Filling up the DagBag from /opt/airflow/dags/data_ingestion_local.py
[2023-09-06T10:36:41.330+0000] {processor.py:839} INFO - DAG(s) dict_keys(['LocalIngestionDag']) retrieved from /opt/airflow/dags/data_ingestion_local.py
[2023-09-06T10:36:41.355+0000] {logging_mixin.py:151} INFO - [2023-09-06T10:36:41.355+0000] {dag.py:2907} INFO - Sync 1 DAGs
[2023-09-06T10:36:41.371+0000] {logging_mixin.py:151} INFO - [2023-09-06T10:36:41.371+0000] {dag.py:3677} INFO - Setting next_dagrun for LocalIngestionDag to 2021-01-02T06:00:00+00:00, run_after=2021-02-02T06:00:00+00:00
[2023-09-06T10:36:41.384+0000] {processor.py:179} INFO - Processing /opt/airflow/dags/data_ingestion_local.py took 0.077 seconds
[2023-09-06T10:37:11.706+0000] {processor.py:157} INFO - Started process (PID=70) to work on /opt/airflow/dags/data_ingestion_local.py
[2023-09-06T10:37:11.707+0000] {processor.py:829} INFO - Processing file /opt/airflow/dags/data_ingestion_local.py for tasks to queue
[2023-09-06T10:37:11.710+0000] {logging_mixin.py:151} INFO - [2023-09-06T10:37:11.709+0000] {dagbag.py:539} INFO - Filling up the DagBag from /opt/airflow/dags/data_ingestion_local.py
[2023-09-06T10:37:11.724+0000] {processor.py:839} INFO - DAG(s) dict_keys(['LocalIngestionDag']) retrieved from /opt/airflow/dags/data_ingestion_local.py
[2023-09-06T10:37:11.747+0000] {logging_mixin.py:151} INFO - [2023-09-06T10:37:11.747+0000] {dag.py:2907} INFO - Sync 1 DAGs
[2023-09-06T10:37:11.763+0000] {logging_mixin.py:151} INFO - [2023-09-06T10:37:11.763+0000] {dag.py:3677} INFO - Setting next_dagrun for LocalIngestionDag to 2021-01-02T06:00:00+00:00, run_after=2021-02-02T06:00:00+00:00
[2023-09-06T10:37:11.774+0000] {processor.py:179} INFO - Processing /opt/airflow/dags/data_ingestion_local.py took 0.073 seconds
[2023-09-06T10:37:42.150+0000] {processor.py:157} INFO - Started process (PID=79) to work on /opt/airflow/dags/data_ingestion_local.py
[2023-09-06T10:37:42.151+0000] {processor.py:829} INFO - Processing file /opt/airflow/dags/data_ingestion_local.py for tasks to queue
[2023-09-06T10:37:42.156+0000] {logging_mixin.py:151} INFO - [2023-09-06T10:37:42.155+0000] {dagbag.py:539} INFO - Filling up the DagBag from /opt/airflow/dags/data_ingestion_local.py
[2023-09-06T10:37:42.175+0000] {processor.py:839} INFO - DAG(s) dict_keys(['LocalIngestionDag']) retrieved from /opt/airflow/dags/data_ingestion_local.py
[2023-09-06T10:37:42.201+0000] {logging_mixin.py:151} INFO - [2023-09-06T10:37:42.201+0000] {dag.py:2907} INFO - Sync 1 DAGs
[2023-09-06T10:37:42.218+0000] {logging_mixin.py:151} INFO - [2023-09-06T10:37:42.218+0000] {dag.py:3677} INFO - Setting next_dagrun for LocalIngestionDag to 2021-01-02T06:00:00+00:00, run_after=2021-02-02T06:00:00+00:00
[2023-09-06T10:37:42.230+0000] {processor.py:179} INFO - Processing /opt/airflow/dags/data_ingestion_local.py took 0.087 seconds
[2023-09-06T10:38:12.695+0000] {processor.py:157} INFO - Started process (PID=88) to work on /opt/airflow/dags/data_ingestion_local.py
[2023-09-06T10:38:12.696+0000] {processor.py:829} INFO - Processing file /opt/airflow/dags/data_ingestion_local.py for tasks to queue
[2023-09-06T10:38:12.699+0000] {logging_mixin.py:151} INFO - [2023-09-06T10:38:12.699+0000] {dagbag.py:539} INFO - Filling up the DagBag from /opt/airflow/dags/data_ingestion_local.py
[2023-09-06T10:38:12.714+0000] {processor.py:839} INFO - DAG(s) dict_keys(['LocalIngestionDag']) retrieved from /opt/airflow/dags/data_ingestion_local.py
[2023-09-06T10:38:12.735+0000] {logging_mixin.py:151} INFO - [2023-09-06T10:38:12.735+0000] {dag.py:2907} INFO - Sync 1 DAGs
[2023-09-06T10:38:12.749+0000] {logging_mixin.py:151} INFO - [2023-09-06T10:38:12.749+0000] {dag.py:3677} INFO - Setting next_dagrun for LocalIngestionDag to 2021-01-02T06:00:00+00:00, run_after=2021-02-02T06:00:00+00:00
[2023-09-06T10:38:12.760+0000] {processor.py:179} INFO - Processing /opt/airflow/dags/data_ingestion_local.py took 0.071 seconds
[2023-09-06T10:43:37.561+0000] {processor.py:157} INFO - Started process (PID=90) to work on /opt/airflow/dags/data_ingestion_local.py
[2023-09-06T10:43:37.571+0000] {processor.py:829} INFO - Processing file /opt/airflow/dags/data_ingestion_local.py for tasks to queue
[2023-09-06T10:43:37.578+0000] {logging_mixin.py:151} INFO - [2023-09-06T10:43:37.577+0000] {dagbag.py:539} INFO - Filling up the DagBag from /opt/airflow/dags/data_ingestion_local.py
[2023-09-06T10:43:37.631+0000] {processor.py:839} INFO - DAG(s) dict_keys(['LocalIngestionDag']) retrieved from /opt/airflow/dags/data_ingestion_local.py
[2023-09-06T10:43:37.686+0000] {logging_mixin.py:151} INFO - [2023-09-06T10:43:37.686+0000] {dag.py:2907} INFO - Sync 1 DAGs
[2023-09-06T10:43:37.733+0000] {logging_mixin.py:151} INFO - [2023-09-06T10:43:37.733+0000] {dag.py:3677} INFO - Setting next_dagrun for LocalIngestionDag to 2021-01-02T06:00:00+00:00, run_after=2021-02-02T06:00:00+00:00
[2023-09-06T10:43:37.755+0000] {processor.py:179} INFO - Processing /opt/airflow/dags/data_ingestion_local.py took 0.200 seconds
[2023-09-06T10:44:08.176+0000] {processor.py:157} INFO - Started process (PID=99) to work on /opt/airflow/dags/data_ingestion_local.py
[2023-09-06T10:44:08.178+0000] {processor.py:829} INFO - Processing file /opt/airflow/dags/data_ingestion_local.py for tasks to queue
[2023-09-06T10:44:08.182+0000] {logging_mixin.py:151} INFO - [2023-09-06T10:44:08.182+0000] {dagbag.py:539} INFO - Filling up the DagBag from /opt/airflow/dags/data_ingestion_local.py
[2023-09-06T10:44:08.199+0000] {processor.py:839} INFO - DAG(s) dict_keys(['LocalIngestionDag']) retrieved from /opt/airflow/dags/data_ingestion_local.py
[2023-09-06T10:44:08.225+0000] {logging_mixin.py:151} INFO - [2023-09-06T10:44:08.224+0000] {dag.py:2907} INFO - Sync 1 DAGs
[2023-09-06T10:44:08.240+0000] {logging_mixin.py:151} INFO - [2023-09-06T10:44:08.240+0000] {dag.py:3677} INFO - Setting next_dagrun for LocalIngestionDag to 2021-01-02T06:00:00+00:00, run_after=2021-02-02T06:00:00+00:00
[2023-09-06T10:44:08.251+0000] {processor.py:179} INFO - Processing /opt/airflow/dags/data_ingestion_local.py took 0.080 seconds
[2023-09-06T10:44:38.647+0000] {processor.py:157} INFO - Started process (PID=115) to work on /opt/airflow/dags/data_ingestion_local.py
[2023-09-06T10:44:38.648+0000] {processor.py:829} INFO - Processing file /opt/airflow/dags/data_ingestion_local.py for tasks to queue
[2023-09-06T10:44:38.651+0000] {logging_mixin.py:151} INFO - [2023-09-06T10:44:38.650+0000] {dagbag.py:539} INFO - Filling up the DagBag from /opt/airflow/dags/data_ingestion_local.py
[2023-09-06T10:44:38.663+0000] {processor.py:839} INFO - DAG(s) dict_keys(['LocalIngestionDag']) retrieved from /opt/airflow/dags/data_ingestion_local.py
[2023-09-06T10:44:38.683+0000] {logging_mixin.py:151} INFO - [2023-09-06T10:44:38.683+0000] {dag.py:2907} INFO - Sync 1 DAGs
[2023-09-06T10:44:38.699+0000] {logging_mixin.py:151} INFO - [2023-09-06T10:44:38.699+0000] {dag.py:3677} INFO - Setting next_dagrun for LocalIngestionDag to 2021-01-02T06:00:00+00:00, run_after=2021-02-02T06:00:00+00:00
[2023-09-06T10:44:38.711+0000] {processor.py:179} INFO - Processing /opt/airflow/dags/data_ingestion_local.py took 0.067 seconds
[2023-09-06T10:45:09.061+0000] {processor.py:157} INFO - Started process (PID=124) to work on /opt/airflow/dags/data_ingestion_local.py
[2023-09-06T10:45:09.062+0000] {processor.py:829} INFO - Processing file /opt/airflow/dags/data_ingestion_local.py for tasks to queue
[2023-09-06T10:45:09.064+0000] {logging_mixin.py:151} INFO - [2023-09-06T10:45:09.064+0000] {dagbag.py:539} INFO - Filling up the DagBag from /opt/airflow/dags/data_ingestion_local.py
[2023-09-06T10:45:09.078+0000] {processor.py:839} INFO - DAG(s) dict_keys(['LocalIngestionDag']) retrieved from /opt/airflow/dags/data_ingestion_local.py
[2023-09-06T10:45:09.098+0000] {logging_mixin.py:151} INFO - [2023-09-06T10:45:09.098+0000] {dag.py:2907} INFO - Sync 1 DAGs
[2023-09-06T10:45:09.112+0000] {logging_mixin.py:151} INFO - [2023-09-06T10:45:09.112+0000] {dag.py:3677} INFO - Setting next_dagrun for LocalIngestionDag to 2021-01-02T06:00:00+00:00, run_after=2021-02-02T06:00:00+00:00
[2023-09-06T10:45:09.122+0000] {processor.py:179} INFO - Processing /opt/airflow/dags/data_ingestion_local.py took 0.065 seconds
[2023-09-06T10:45:39.548+0000] {processor.py:157} INFO - Started process (PID=133) to work on /opt/airflow/dags/data_ingestion_local.py
[2023-09-06T10:45:39.551+0000] {processor.py:829} INFO - Processing file /opt/airflow/dags/data_ingestion_local.py for tasks to queue
[2023-09-06T10:45:39.555+0000] {logging_mixin.py:151} INFO - [2023-09-06T10:45:39.555+0000] {dagbag.py:539} INFO - Filling up the DagBag from /opt/airflow/dags/data_ingestion_local.py
[2023-09-06T10:45:39.579+0000] {processor.py:839} INFO - DAG(s) dict_keys(['LocalIngestionDag']) retrieved from /opt/airflow/dags/data_ingestion_local.py
[2023-09-06T10:45:39.605+0000] {logging_mixin.py:151} INFO - [2023-09-06T10:45:39.604+0000] {dag.py:2907} INFO - Sync 1 DAGs
[2023-09-06T10:45:39.622+0000] {logging_mixin.py:151} INFO - [2023-09-06T10:45:39.622+0000] {dag.py:3677} INFO - Setting next_dagrun for LocalIngestionDag to 2021-01-02T06:00:00+00:00, run_after=2021-02-02T06:00:00+00:00
[2023-09-06T10:45:39.634+0000] {processor.py:179} INFO - Processing /opt/airflow/dags/data_ingestion_local.py took 0.092 seconds
[2023-09-06T10:46:10.095+0000] {processor.py:157} INFO - Started process (PID=142) to work on /opt/airflow/dags/data_ingestion_local.py
[2023-09-06T10:46:10.097+0000] {processor.py:829} INFO - Processing file /opt/airflow/dags/data_ingestion_local.py for tasks to queue
[2023-09-06T10:46:10.101+0000] {logging_mixin.py:151} INFO - [2023-09-06T10:46:10.100+0000] {dagbag.py:539} INFO - Filling up the DagBag from /opt/airflow/dags/data_ingestion_local.py
[2023-09-06T10:46:10.116+0000] {processor.py:839} INFO - DAG(s) dict_keys(['LocalIngestionDag']) retrieved from /opt/airflow/dags/data_ingestion_local.py
[2023-09-06T10:46:10.137+0000] {logging_mixin.py:151} INFO - [2023-09-06T10:46:10.137+0000] {dag.py:2907} INFO - Sync 1 DAGs
[2023-09-06T10:46:10.152+0000] {logging_mixin.py:151} INFO - [2023-09-06T10:46:10.152+0000] {dag.py:3677} INFO - Setting next_dagrun for LocalIngestionDag to 2021-01-02T06:00:00+00:00, run_after=2021-02-02T06:00:00+00:00
[2023-09-06T10:46:10.164+0000] {processor.py:179} INFO - Processing /opt/airflow/dags/data_ingestion_local.py took 0.075 seconds
[2023-09-06T10:46:40.595+0000] {processor.py:157} INFO - Started process (PID=151) to work on /opt/airflow/dags/data_ingestion_local.py
[2023-09-06T10:46:40.597+0000] {processor.py:829} INFO - Processing file /opt/airflow/dags/data_ingestion_local.py for tasks to queue
[2023-09-06T10:46:40.601+0000] {logging_mixin.py:151} INFO - [2023-09-06T10:46:40.600+0000] {dagbag.py:539} INFO - Filling up the DagBag from /opt/airflow/dags/data_ingestion_local.py
[2023-09-06T10:46:40.624+0000] {processor.py:839} INFO - DAG(s) dict_keys(['LocalIngestionDag']) retrieved from /opt/airflow/dags/data_ingestion_local.py
[2023-09-06T10:46:40.645+0000] {logging_mixin.py:151} INFO - [2023-09-06T10:46:40.645+0000] {dag.py:2907} INFO - Sync 1 DAGs
[2023-09-06T10:46:40.661+0000] {logging_mixin.py:151} INFO - [2023-09-06T10:46:40.661+0000] {dag.py:3677} INFO - Setting next_dagrun for LocalIngestionDag to 2021-01-02T06:00:00+00:00, run_after=2021-02-02T06:00:00+00:00
[2023-09-06T10:46:40.672+0000] {processor.py:179} INFO - Processing /opt/airflow/dags/data_ingestion_local.py took 0.084 seconds
[2023-09-06T10:47:11.081+0000] {processor.py:157} INFO - Started process (PID=161) to work on /opt/airflow/dags/data_ingestion_local.py
[2023-09-06T10:47:11.083+0000] {processor.py:829} INFO - Processing file /opt/airflow/dags/data_ingestion_local.py for tasks to queue
[2023-09-06T10:47:11.089+0000] {logging_mixin.py:151} INFO - [2023-09-06T10:47:11.088+0000] {dagbag.py:539} INFO - Filling up the DagBag from /opt/airflow/dags/data_ingestion_local.py
[2023-09-06T10:47:11.108+0000] {processor.py:839} INFO - DAG(s) dict_keys(['LocalIngestionDag']) retrieved from /opt/airflow/dags/data_ingestion_local.py
[2023-09-06T10:47:11.133+0000] {logging_mixin.py:151} INFO - [2023-09-06T10:47:11.133+0000] {dag.py:2907} INFO - Sync 1 DAGs
[2023-09-06T10:47:11.152+0000] {logging_mixin.py:151} INFO - [2023-09-06T10:47:11.152+0000] {dag.py:3677} INFO - Setting next_dagrun for LocalIngestionDag to 2021-01-02T06:00:00+00:00, run_after=2021-02-02T06:00:00+00:00
[2023-09-06T10:47:11.164+0000] {processor.py:179} INFO - Processing /opt/airflow/dags/data_ingestion_local.py took 0.091 seconds
[2023-09-06T10:47:41.629+0000] {processor.py:157} INFO - Started process (PID=170) to work on /opt/airflow/dags/data_ingestion_local.py
[2023-09-06T10:47:41.631+0000] {processor.py:829} INFO - Processing file /opt/airflow/dags/data_ingestion_local.py for tasks to queue
[2023-09-06T10:47:41.634+0000] {logging_mixin.py:151} INFO - [2023-09-06T10:47:41.634+0000] {dagbag.py:539} INFO - Filling up the DagBag from /opt/airflow/dags/data_ingestion_local.py
[2023-09-06T10:47:41.651+0000] {processor.py:839} INFO - DAG(s) dict_keys(['LocalIngestionDag']) retrieved from /opt/airflow/dags/data_ingestion_local.py
[2023-09-06T10:47:41.671+0000] {logging_mixin.py:151} INFO - [2023-09-06T10:47:41.671+0000] {dag.py:2907} INFO - Sync 1 DAGs
[2023-09-06T10:47:41.686+0000] {logging_mixin.py:151} INFO - [2023-09-06T10:47:41.685+0000] {dag.py:3677} INFO - Setting next_dagrun for LocalIngestionDag to 2021-01-02T06:00:00+00:00, run_after=2021-02-02T06:00:00+00:00
[2023-09-06T10:47:41.697+0000] {processor.py:179} INFO - Processing /opt/airflow/dags/data_ingestion_local.py took 0.074 seconds
[2023-09-06T10:48:12.122+0000] {processor.py:157} INFO - Started process (PID=179) to work on /opt/airflow/dags/data_ingestion_local.py
[2023-09-06T10:48:12.123+0000] {processor.py:829} INFO - Processing file /opt/airflow/dags/data_ingestion_local.py for tasks to queue
[2023-09-06T10:48:12.127+0000] {logging_mixin.py:151} INFO - [2023-09-06T10:48:12.127+0000] {dagbag.py:539} INFO - Filling up the DagBag from /opt/airflow/dags/data_ingestion_local.py
[2023-09-06T10:48:12.142+0000] {processor.py:839} INFO - DAG(s) dict_keys(['LocalIngestionDag']) retrieved from /opt/airflow/dags/data_ingestion_local.py
[2023-09-06T10:48:12.163+0000] {logging_mixin.py:151} INFO - [2023-09-06T10:48:12.162+0000] {dag.py:2907} INFO - Sync 1 DAGs
[2023-09-06T10:48:12.177+0000] {logging_mixin.py:151} INFO - [2023-09-06T10:48:12.177+0000] {dag.py:3677} INFO - Setting next_dagrun for LocalIngestionDag to 2021-01-02T06:00:00+00:00, run_after=2021-02-02T06:00:00+00:00
[2023-09-06T10:48:12.187+0000] {processor.py:179} INFO - Processing /opt/airflow/dags/data_ingestion_local.py took 0.071 seconds
[2023-09-06T10:48:42.565+0000] {processor.py:157} INFO - Started process (PID=187) to work on /opt/airflow/dags/data_ingestion_local.py
[2023-09-06T10:48:42.566+0000] {processor.py:829} INFO - Processing file /opt/airflow/dags/data_ingestion_local.py for tasks to queue
[2023-09-06T10:48:42.570+0000] {logging_mixin.py:151} INFO - [2023-09-06T10:48:42.569+0000] {dagbag.py:539} INFO - Filling up the DagBag from /opt/airflow/dags/data_ingestion_local.py
[2023-09-06T10:48:42.584+0000] {processor.py:839} INFO - DAG(s) dict_keys(['LocalIngestionDag']) retrieved from /opt/airflow/dags/data_ingestion_local.py
[2023-09-06T10:48:42.608+0000] {logging_mixin.py:151} INFO - [2023-09-06T10:48:42.608+0000] {dag.py:2907} INFO - Sync 1 DAGs
[2023-09-06T10:48:42.624+0000] {logging_mixin.py:151} INFO - [2023-09-06T10:48:42.624+0000] {dag.py:3677} INFO - Setting next_dagrun for LocalIngestionDag to 2021-01-02T06:00:00+00:00, run_after=2021-02-02T06:00:00+00:00
[2023-09-06T10:48:42.636+0000] {processor.py:179} INFO - Processing /opt/airflow/dags/data_ingestion_local.py took 0.076 seconds
