[2023-09-06T13:28:03.767+0000] {taskinstance.py:1159} INFO - Dependencies all met for dep_context=non-requeueable deps ti=<TaskInstance: local_ingestion_dag.ingest manual__2023-09-06T11:23:09.858816+00:00 [queued]>
[2023-09-06T13:28:03.773+0000] {taskinstance.py:1159} INFO - Dependencies all met for dep_context=requeueable deps ti=<TaskInstance: local_ingestion_dag.ingest manual__2023-09-06T11:23:09.858816+00:00 [queued]>
[2023-09-06T13:28:03.773+0000] {taskinstance.py:1361} INFO - Starting attempt 2 of 2
[2023-09-06T13:28:03.782+0000] {taskinstance.py:1382} INFO - Executing <Task(BashOperator): ingest> on 2023-09-06 11:23:09.858816+00:00
[2023-09-06T13:28:03.785+0000] {standard_task_runner.py:57} INFO - Started process 1244 to run task
[2023-09-06T13:28:03.789+0000] {standard_task_runner.py:84} INFO - Running: ['***', 'tasks', 'run', 'local_ingestion_dag', 'ingest', 'manual__2023-09-06T11:23:09.858816+00:00', '--job-id', '49', '--raw', '--subdir', 'DAGS_FOLDER/data_ingestion_localdb_dag.py', '--cfg-path', '/tmp/tmp68o4uadm']
[2023-09-06T13:28:03.790+0000] {standard_task_runner.py:85} INFO - Job 49: Subtask ingest
[2023-09-06T13:28:03.836+0000] {task_command.py:415} INFO - Running <TaskInstance: local_ingestion_dag.ingest manual__2023-09-06T11:23:09.858816+00:00 [running]> on host a938a1837998
[2023-09-06T13:28:03.907+0000] {taskinstance.py:1660} INFO - Exporting env vars: AIRFLOW_CTX_DAG_OWNER='***' AIRFLOW_CTX_DAG_ID='local_ingestion_dag' AIRFLOW_CTX_TASK_ID='ingest' AIRFLOW_CTX_EXECUTION_DATE='2023-09-06T11:23:09.858816+00:00' AIRFLOW_CTX_TRY_NUMBER='2' AIRFLOW_CTX_DAG_RUN_ID='manual__2023-09-06T11:23:09.858816+00:00'
[2023-09-06T13:28:03.908+0000] {subprocess.py:63} INFO - Tmp dir root location: /tmp
[2023-09-06T13:28:03.909+0000] {subprocess.py:75} INFO - Running command: ['/bin/bash', '-c', 'ls /opt/***']
[2023-09-06T13:28:03.919+0000] {subprocess.py:86} INFO - Output:
[2023-09-06T13:28:03.924+0000] {subprocess.py:93} INFO - ***-worker.pid
[2023-09-06T13:28:03.924+0000] {subprocess.py:93} INFO - ***.cfg
[2023-09-06T13:28:03.925+0000] {subprocess.py:93} INFO - config
[2023-09-06T13:28:03.925+0000] {subprocess.py:93} INFO - dags
[2023-09-06T13:28:03.925+0000] {subprocess.py:93} INFO - logs
[2023-09-06T13:28:03.925+0000] {subprocess.py:93} INFO - output_2023-01.csv
[2023-09-06T13:28:03.925+0000] {subprocess.py:93} INFO - output_2023-09.csv
[2023-09-06T13:28:03.926+0000] {subprocess.py:93} INFO - plugins
[2023-09-06T13:28:03.926+0000] {subprocess.py:93} INFO - webserver_config.py
[2023-09-06T13:28:03.926+0000] {subprocess.py:97} INFO - Command exited with return code 0
[2023-09-06T13:28:03.951+0000] {taskinstance.py:1400} INFO - Marking task as SUCCESS. dag_id=local_ingestion_dag, task_id=ingest, execution_date=20230906T112309, start_date=20230906T132803, end_date=20230906T132803
[2023-09-06T13:28:04.002+0000] {local_task_job_runner.py:228} INFO - Task exited with return code 0
[2023-09-06T13:28:04.019+0000] {taskinstance.py:2784} INFO - 0 downstream tasks scheduled from follow-on schedule check
