[2023-09-06T16:46:16.212+0000] {taskinstance.py:1159} INFO - Dependencies all met for dep_context=non-requeueable deps ti=<TaskInstance: local_ingestion_dag.ingest scheduled__2023-04-01T00:00:00+00:00 [queued]>
[2023-09-06T16:46:16.217+0000] {taskinstance.py:1159} INFO - Dependencies all met for dep_context=requeueable deps ti=<TaskInstance: local_ingestion_dag.ingest scheduled__2023-04-01T00:00:00+00:00 [queued]>
[2023-09-06T16:46:16.218+0000] {taskinstance.py:1361} INFO - Starting attempt 2 of 2
[2023-09-06T16:46:16.225+0000] {taskinstance.py:1382} INFO - Executing <Task(PythonOperator): ingest> on 2023-04-01 00:00:00+00:00
[2023-09-06T16:46:16.230+0000] {standard_task_runner.py:57} INFO - Started process 732 to run task
[2023-09-06T16:46:16.234+0000] {standard_task_runner.py:84} INFO - Running: ['***', 'tasks', 'run', 'local_ingestion_dag', 'ingest', 'scheduled__2023-04-01T00:00:00+00:00', '--job-id', '77', '--raw', '--subdir', 'DAGS_FOLDER/data_ingestion_localdb_dag.py', '--cfg-path', '/tmp/tmpu_qg72gx']
[2023-09-06T16:46:16.237+0000] {standard_task_runner.py:85} INFO - Job 77: Subtask ingest
[2023-09-06T16:46:16.280+0000] {task_command.py:415} INFO - Running <TaskInstance: local_ingestion_dag.ingest scheduled__2023-04-01T00:00:00+00:00 [running]> on host efc6a7bc4c34
[2023-09-06T16:46:16.322+0000] {warnings.py:109} WARNING - /home/***/.local/lib/python3.8/site-packages/***/utils/context.py:206: AirflowContextDeprecationWarning: Accessing 'execution_date' from the template is deprecated and will be removed in a future version. Please use 'data_interval_start' or 'logical_date' instead.
  warnings.warn(_create_deprecation_warning(key, self._deprecation_replacements[key]))

[2023-09-06T16:46:16.485+0000] {taskinstance.py:1660} INFO - Exporting env vars: AIRFLOW_CTX_DAG_OWNER='***' AIRFLOW_CTX_DAG_ID='local_ingestion_dag' AIRFLOW_CTX_TASK_ID='ingest' AIRFLOW_CTX_EXECUTION_DATE='2023-04-01T00:00:00+00:00' AIRFLOW_CTX_TRY_NUMBER='2' AIRFLOW_CTX_DAG_RUN_ID='scheduled__2023-04-01T00:00:00+00:00'
[2023-09-06T16:46:16.486+0000] {logging_mixin.py:151} INFO - yellow_taxi_2023_04 /opt/***/output_2023-04.parquet 2023-04
[2023-09-06T16:46:16.498+0000] {logging_mixin.py:151} INFO - connection established successfully, inserting data...
[2023-09-06T16:46:17.172+0000] {logging_mixin.py:151} INFO -    VendorID tpep_pickup_datetime  ... congestion_surcharge  Airport_fee
0         1  2023-04-01 00:14:49  ...                  2.5         0.00
1         2  2023-04-01 00:00:24  ...                  2.5         1.25
2         1  2023-04-01 00:03:50  ...                  2.5         0.00
3         1  2023-04-01 00:53:18  ...                  2.5         0.00
4         2  2023-04-01 00:07:00  ...                  2.5         0.00

[5 rows x 19 columns]
[2023-09-06T16:46:17.326+0000] {logging_mixin.py:151} INFO - inserted the data, took 0.828 second
[2023-09-06T16:46:17.336+0000] {python.py:194} INFO - Done. Returned value was: None
[2023-09-06T16:46:17.348+0000] {taskinstance.py:1400} INFO - Marking task as SUCCESS. dag_id=local_ingestion_dag, task_id=ingest, execution_date=20230401T000000, start_date=20230906T164616, end_date=20230906T164617
[2023-09-06T16:46:17.458+0000] {local_task_job_runner.py:228} INFO - Task exited with return code 0
[2023-09-06T16:46:17.479+0000] {taskinstance.py:2784} INFO - 0 downstream tasks scheduled from follow-on schedule check
