[2023-09-06T13:23:08.972+0000] {taskinstance.py:1159} INFO - Dependencies all met for dep_context=non-requeueable deps ti=<TaskInstance: local_ingestion_dag.ingest scheduled__2023-01-01T00:00:00+00:00 [queued]>
[2023-09-06T13:23:08.977+0000] {taskinstance.py:1159} INFO - Dependencies all met for dep_context=requeueable deps ti=<TaskInstance: local_ingestion_dag.ingest scheduled__2023-01-01T00:00:00+00:00 [queued]>
[2023-09-06T13:23:08.978+0000] {taskinstance.py:1361} INFO - Starting attempt 9 of 9
[2023-09-06T13:23:08.985+0000] {taskinstance.py:1382} INFO - Executing <Task(BashOperator): ingest> on 2023-01-01 00:00:00+00:00
[2023-09-06T13:23:08.988+0000] {standard_task_runner.py:57} INFO - Started process 1155 to run task
[2023-09-06T13:23:08.992+0000] {standard_task_runner.py:84} INFO - Running: ['***', 'tasks', 'run', 'local_ingestion_dag', 'ingest', 'scheduled__2023-01-01T00:00:00+00:00', '--job-id', '45', '--raw', '--subdir', 'DAGS_FOLDER/data_ingestion_localdb_dag.py', '--cfg-path', '/tmp/tmpz5mxd_s2']
[2023-09-06T13:23:08.993+0000] {standard_task_runner.py:85} INFO - Job 45: Subtask ingest
[2023-09-06T13:23:09.032+0000] {task_command.py:415} INFO - Running <TaskInstance: local_ingestion_dag.ingest scheduled__2023-01-01T00:00:00+00:00 [running]> on host a938a1837998
[2023-09-06T13:23:09.086+0000] {taskinstance.py:1660} INFO - Exporting env vars: AIRFLOW_CTX_DAG_OWNER='***' AIRFLOW_CTX_DAG_ID='local_ingestion_dag' AIRFLOW_CTX_TASK_ID='ingest' AIRFLOW_CTX_EXECUTION_DATE='2023-01-01T00:00:00+00:00' AIRFLOW_CTX_TRY_NUMBER='9' AIRFLOW_CTX_DAG_RUN_ID='scheduled__2023-01-01T00:00:00+00:00'
[2023-09-06T13:23:09.087+0000] {subprocess.py:63} INFO - Tmp dir root location: /tmp
[2023-09-06T13:23:09.088+0000] {subprocess.py:75} INFO - Running command: ['/bin/bash', '-c', 'ls /opt/***']
[2023-09-06T13:23:09.098+0000] {subprocess.py:86} INFO - Output:
[2023-09-06T13:23:09.103+0000] {subprocess.py:93} INFO - ***-worker.pid
[2023-09-06T13:23:09.104+0000] {subprocess.py:93} INFO - ***.cfg
[2023-09-06T13:23:09.104+0000] {subprocess.py:93} INFO - config
[2023-09-06T13:23:09.104+0000] {subprocess.py:93} INFO - dags
[2023-09-06T13:23:09.104+0000] {subprocess.py:93} INFO - logs
[2023-09-06T13:23:09.105+0000] {subprocess.py:93} INFO - plugins
[2023-09-06T13:23:09.105+0000] {subprocess.py:93} INFO - webserver_config.py
[2023-09-06T13:23:09.105+0000] {subprocess.py:97} INFO - Command exited with return code 0
[2023-09-06T13:23:09.133+0000] {taskinstance.py:1400} INFO - Marking task as SUCCESS. dag_id=local_ingestion_dag, task_id=ingest, execution_date=20230101T000000, start_date=20230906T132308, end_date=20230906T132309
[2023-09-06T13:23:09.164+0000] {local_task_job_runner.py:228} INFO - Task exited with return code 0
[2023-09-06T13:23:09.179+0000] {taskinstance.py:2784} INFO - 0 downstream tasks scheduled from follow-on schedule check
