[2023-09-06T16:42:51.752+0000] {taskinstance.py:1159} INFO - Dependencies all met for dep_context=non-requeueable deps ti=<TaskInstance: local_ingestion_dag.ingest scheduled__2023-01-01T00:00:00+00:00 [queued]>
[2023-09-06T16:42:51.757+0000] {taskinstance.py:1159} INFO - Dependencies all met for dep_context=requeueable deps ti=<TaskInstance: local_ingestion_dag.ingest scheduled__2023-01-01T00:00:00+00:00 [queued]>
[2023-09-06T16:42:51.757+0000] {taskinstance.py:1361} INFO - Starting attempt 26 of 26
[2023-09-06T16:42:51.765+0000] {taskinstance.py:1382} INFO - Executing <Task(PythonOperator): ingest> on 2023-01-01 00:00:00+00:00
[2023-09-06T16:42:51.770+0000] {standard_task_runner.py:57} INFO - Started process 638 to run task
[2023-09-06T16:42:51.773+0000] {standard_task_runner.py:84} INFO - Running: ['***', 'tasks', 'run', 'local_ingestion_dag', 'ingest', 'scheduled__2023-01-01T00:00:00+00:00', '--job-id', '73', '--raw', '--subdir', 'DAGS_FOLDER/data_ingestion_localdb_dag.py', '--cfg-path', '/tmp/tmp1c17jr6o']
[2023-09-06T16:42:51.777+0000] {standard_task_runner.py:85} INFO - Job 73: Subtask ingest
[2023-09-06T16:42:51.823+0000] {task_command.py:415} INFO - Running <TaskInstance: local_ingestion_dag.ingest scheduled__2023-01-01T00:00:00+00:00 [running]> on host efc6a7bc4c34
[2023-09-06T16:42:51.858+0000] {warnings.py:109} WARNING - /home/***/.local/lib/python3.8/site-packages/***/utils/context.py:206: AirflowContextDeprecationWarning: Accessing 'execution_date' from the template is deprecated and will be removed in a future version. Please use 'data_interval_start' or 'logical_date' instead.
  warnings.warn(_create_deprecation_warning(key, self._deprecation_replacements[key]))

[2023-09-06T16:42:52.163+0000] {taskinstance.py:1660} INFO - Exporting env vars: AIRFLOW_CTX_DAG_OWNER='***' AIRFLOW_CTX_DAG_ID='local_ingestion_dag' AIRFLOW_CTX_TASK_ID='ingest' AIRFLOW_CTX_EXECUTION_DATE='2023-01-01T00:00:00+00:00' AIRFLOW_CTX_TRY_NUMBER='26' AIRFLOW_CTX_DAG_RUN_ID='scheduled__2023-01-01T00:00:00+00:00'
[2023-09-06T16:42:52.163+0000] {logging_mixin.py:151} INFO - yellow_taxi_2023_01 /opt/***/output_2023-01.parquet 2023-01
[2023-09-06T16:42:52.187+0000] {logging_mixin.py:151} INFO - connection established successfully, inserting data...
[2023-09-06T16:42:52.917+0000] {logging_mixin.py:151} INFO -    VendorID tpep_pickup_datetime  ... congestion_surcharge  airport_fee
0         2  2023-01-01 00:32:10  ...                  2.5         0.00
1         2  2023-01-01 00:55:08  ...                  2.5         0.00
2         2  2023-01-01 00:25:04  ...                  2.5         0.00
3         1  2023-01-01 00:03:48  ...                  0.0         1.25
4         2  2023-01-01 00:10:29  ...                  2.5         0.00

[5 rows x 19 columns]
[2023-09-06T16:42:53.074+0000] {logging_mixin.py:151} INFO - inserted the data, took 0.887 second
[2023-09-06T16:42:53.083+0000] {python.py:194} INFO - Done. Returned value was: None
[2023-09-06T16:42:53.094+0000] {taskinstance.py:1400} INFO - Marking task as SUCCESS. dag_id=local_ingestion_dag, task_id=ingest, execution_date=20230101T000000, start_date=20230906T164251, end_date=20230906T164253
[2023-09-06T16:42:53.208+0000] {local_task_job_runner.py:228} INFO - Task exited with return code 0
[2023-09-06T16:42:53.222+0000] {taskinstance.py:2784} INFO - 0 downstream tasks scheduled from follow-on schedule check
